  gl_core_4_4.c
  Application.cpp
  Error.cpp
  Gizmos.cpp
d:\gamedev\perforceprojects\students\1608758\ct6025 - shader programming\project\framework\framework\src\gizmos.cpp(212): warning C4018: '<': signed/unsigned mismatch
d:\gamedev\perforceprojects\students\1608758\ct6025 - shader programming\project\framework\framework\src\gizmos.cpp(232): warning C4100: 'a_transform': unreferenced formal parameter
d:\gamedev\perforceprojects\students\1608758\ct6025 - shader programming\project\framework\framework\src\gizmos.cpp(231): warning C4100: 'a_fillColour': unreferenced formal parameter
d:\gamedev\perforceprojects\students\1608758\ct6025 - shader programming\project\framework\framework\src\gizmos.cpp(231): warning C4100: 'a_filled': unreferenced formal parameter
d:\gamedev\perforceprojects\students\1608758\ct6025 - shader programming\project\framework\framework\src\gizmos.cpp(230): warning C4100: 'a_segments': unreferenced formal parameter
d:\gamedev\perforceprojects\students\1608758\ct6025 - shader programming\project\framework\framework\src\gizmos.cpp(230): warning C4100: 'a_fHalfLength': unreferenced formal parameter
d:\gamedev\perforceprojects\students\1608758\ct6025 - shader programming\project\framework\framework\src\gizmos.cpp(229): warning C4100: 'a_radius': unreferenced formal parameter
d:\gamedev\perforceprojects\students\1608758\ct6025 - shader programming\project\framework\framework\src\gizmos.cpp(229): warning C4100: 'a_center': unreferenced formal parameter
  Utilities.cpp
  Generating Code...
  framework.vcxproj -> D:\GameDev\PerforceProjects\Students\1608758\CT6025 - Shader Programming\Project\Framework\framework\../lib\framework.lib
  D:\GameDev\PerforceProjects\Students\1608758\CT6025 - Shader Programming\Project\GameEngine\scripts\..\..\Framework\lib\framework.lib
  1 File(s) copied
  D:\GameDev\PerforceProjects\Students\1608758\CT6025 - Shader Programming\Project\GameEngine\scripts\..\..\Framework\lib\FBX_Loader.lib
  1 File(s) copied
  D:\GameDev\PerforceProjects\Students\1608758\CT6025 - Shader Programming\Project\GameEngine\scripts\..\..\Framework\framework\include\Application.h
  1 File(s) copied
  D:\GameDev\PerforceProjects\Students\1608758\CT6025 - Shader Programming\Project\GameEngine\scripts\..\..\Framework\framework\include\Error.h
  1 File(s) copied
  D:\GameDev\PerforceProjects\Students\1608758\CT6025 - Shader Programming\Project\GameEngine\scripts\..\..\Framework\framework\include\Gizmos.h
  1 File(s) copied
  D:\GameDev\PerforceProjects\Students\1608758\CT6025 - Shader Programming\Project\GameEngine\scripts\..\..\Framework\framework\include\Utilities.h
  1 File(s) copied
  Press any key to continue . . . 
