d:\gamedev\perforceprojects\students\1608758\ct6025 - shader programming\project\gameengine\bin\obj\vc141.pdb
d:\gamedev\perforceprojects\students\1608758\ct6025 - shader programming\project\gameengine\bin\obj\vc141.idb
d:\gamedev\perforceprojects\students\1608758\ct6025 - shader programming\project\gameengine\bin\obj\gl_core_4_4.obj
d:\gamedev\perforceprojects\students\1608758\ct6025 - shader programming\project\gameengine\bin\obj\transformcomponent.obj
d:\gamedev\perforceprojects\students\1608758\ct6025 - shader programming\project\gameengine\bin\obj\myapplication.obj
d:\gamedev\perforceprojects\students\1608758\ct6025 - shader programming\project\gameengine\bin\obj\main.obj
d:\gamedev\perforceprojects\students\1608758\ct6025 - shader programming\project\gameengine\bin\obj\entity.obj
d:\gamedev\perforceprojects\students\1608758\ct6025 - shader programming\project\gameengine\bin\obj\component.obj
d:\gamedev\perforceprojects\students\1608758\ct6025 - shader programming\project\gameengine\bin\obj\scene.obj
d:\gamedev\perforceprojects\students\1608758\ct6025 - shader programming\project\gameengine\bin\obj\imgui_impl_glfw_gl3.obj
d:\gamedev\perforceprojects\students\1608758\ct6025 - shader programming\project\gameengine\bin\obj\imgui_draw.obj
d:\gamedev\perforceprojects\students\1608758\ct6025 - shader programming\project\gameengine\bin\obj\imgui_demo.obj
d:\gamedev\perforceprojects\students\1608758\ct6025 - shader programming\project\gameengine\bin\obj\imgui.obj
d:\gamedev\perforceprojects\students\1608758\ct6025 - shader programming\project\gameengine\bin\gameengine.lib
d:\gamedev\perforceprojects\students\1608758\ct6025 - shader programming\project\gameengine\bin\gameengine.exp
d:\gamedev\perforceprojects\students\1608758\ct6025 - shader programming\project\gameengine\bin\gameengine.exe
d:\gamedev\perforceprojects\students\1608758\ct6025 - shader programming\project\gameengine\bin\gameengine.ilk
d:\gamedev\perforceprojects\students\1608758\ct6025 - shader programming\project\gameengine\bin\gameengine.pdb
d:\gamedev\perforceprojects\students\1608758\ct6025 - shader programming\project\gameengine\bin/gameengine.pdb
d:\gamedev\perforceprojects\students\1608758\ct6025 - shader programming\project\gameengine\bin/gameengine.exe
d:\gamedev\perforceprojects\students\1608758\ct6025 - shader programming\project\gameengine\bin/gameengine.ilk
d:\gamedev\perforceprojects\students\1608758\ct6025 - shader programming\project\gameengine\bin\obj\gameengine.tlog\cl.command.1.tlog
d:\gamedev\perforceprojects\students\1608758\ct6025 - shader programming\project\gameengine\bin\obj\gameengine.tlog\cl.read.1.tlog
d:\gamedev\perforceprojects\students\1608758\ct6025 - shader programming\project\gameengine\bin\obj\gameengine.tlog\cl.write.1.tlog
d:\gamedev\perforceprojects\students\1608758\ct6025 - shader programming\project\gameengine\bin\obj\gameengine.tlog\gameengine.write.1u.tlog
d:\gamedev\perforceprojects\students\1608758\ct6025 - shader programming\project\gameengine\bin\obj\gameengine.tlog\link.command.1.tlog
d:\gamedev\perforceprojects\students\1608758\ct6025 - shader programming\project\gameengine\bin\obj\gameengine.tlog\link.read.1.tlog
d:\gamedev\perforceprojects\students\1608758\ct6025 - shader programming\project\gameengine\bin\obj\gameengine.tlog\link.write.1.tlog
