d:\gamedev\git\caramel\framework\obj\framework.pdb
d:\gamedev\git\caramel\framework\obj\framework.idb
d:\gamedev\git\caramel\framework\obj\glad.obj
d:\gamedev\git\caramel\framework\obj\utilities.obj
d:\gamedev\git\caramel\framework\obj\gizmos.obj
d:\gamedev\git\caramel\framework\obj\application.obj
d:\gamedev\git\caramel\framework\obj\imgui_impl_opengl3.obj
d:\gamedev\git\caramel\framework\obj\imgui_impl_glfw.obj
d:\gamedev\git\caramel\framework\bin\framework.lib
d:\git\caramel\framework\obj\application.obj
d:\git\caramel\framework\obj\gizmos.obj
d:\git\caramel\framework\obj\glad.obj
d:\git\caramel\framework\obj\imgui_impl_glfw.obj
d:\git\caramel\framework\obj\imgui_impl_opengl3.obj
d:\git\caramel\framework\obj\utilities.obj
d:\git\caramel\framework\obj\framework.idb
d:\git\caramel\framework\obj\framework.pdb
d:\git\caramel\framework\/bin\framework.pdb
d:\git\caramel\framework\/bin\framework.lib
d:\git\caramel\framework\obj\framework.tlog\cl.command.1.tlog
d:\git\caramel\framework\obj\framework.tlog\cl.read.1.tlog
d:\git\caramel\framework\obj\framework.tlog\cl.write.1.tlog
d:\git\caramel\framework\obj\framework.tlog\lib-link.read.1.tlog
d:\git\caramel\framework\obj\framework.tlog\lib-link.write.1.tlog
d:\git\caramel\framework\obj\framework.tlog\lib.command.1.tlog
